<?xml version="1.0" encoding="UTF-8"?>
<!-- Generated by org.testng.reporters.JUnitXMLReporter -->
<testsuite ignored="2" hostname="MS-7B48" failures="0" tests="1" name="SauceDemo Test" time="3.296" errors="0" timestamp="2022-09-01T11:51:41 CST">
  <testcase classname="testcase.LoginTestFW" name="LoginTest" time="3.256"/>
  <testcase classname="base.BaseTest" name="@BeforeSuite setUp" time="0.0">
    <ignored/>
  </testcase> <!-- @BeforeSuite setUp -->
  <testcase classname="base.BaseTest" name="@AfterSuite tearDown" time="0.0">
    <ignored/>
  </testcase> <!-- @AfterSuite tearDown -->
</testsuite> <!-- SauceDemo Test -->
